
 === S = 5/2 Heisenberg 4-Site Model === 

2S = 0 : E =  -20.475 -20.135 -19.455 -18.435 -17.075 -15.375
2S = 2 : E =  -19.305 -19.305 -19.135 -18.795 -18.795 -18.455 -17.945 -17.945 -17.435 -16.755 -16.755 -16.075 -15.225 -15.225 -14.375
2S = 4 : E =  -17.135 -16.965 -16.965 -16.795 -16.795 -16.455 -16.285 -16.285 -15.945 -15.945 -15.435 -15.265 -15.265 -14.755 -14.755 -14.075 -13.905 -13.905 -13.225 -13.225 -12.375

Relative energies:

2S = 0 : E =    0.000   0.340   1.020   2.040   3.400   5.100
2S = 2 : E =    1.170   1.170   1.340   1.680   1.680   2.020   2.530   2.530   3.040   3.720   3.720   4.400   5.250   5.250   6.100
2S = 4 : E =    3.340   3.510   3.510   3.680   3.680   4.020   4.190   4.190   4.530   4.530   5.040   5.210   5.210   5.720   5.720   6.400   6.570   6.570   7.250   7.250   8.100

 === S = 1/2 Heisenberg 4-Site Model === 

2S = 0 : E =   -1.755  -1.415
2S = 2 : E =   -0.585  -0.585  -0.415
2S = 4 : E =    1.585

Relative energies:

2S = 0 : E =    0.000   0.340
2S = 2 : E =    1.170   1.170   1.340
2S = 4 : E =    3.340

 === S = 5/2 Heisenberg 8-Site Model === 

2S = 0 : E =  -65.862 -60.808 -60.808 -60.808 -60.808 -55.736 -55.736 -55.736 -55.736 -55.736 -55.736 -55.736 -55.736 -55.736 -55.580 -55.580 -55.580 -55.580 -51.476 -51.476 -51.476 -51.476 -51.476 -51.476
2S = 2 : E =  -64.961 -62.390 -62.390 -62.390 -62.390 -59.935 -59.935 -59.935 -59.935 -57.344 -57.344 -57.344 -57.344 -57.344 -57.344 -57.344 -57.344 -57.344 -57.344 -57.344 -57.344 -57.123 -57.082 -54.906
2S = 4 : E =  -63.155 -60.612 -60.612 -60.612 -60.612 -58.186 -58.186 -58.186 -58.186 -57.921 -57.921 -57.921 -57.921 -57.921 -57.921 -55.634 -55.634 -55.634 -55.634 -55.634 -55.634 -55.634 -55.634 -55.634
2S = 6 : E =  -60.442 -57.937 -57.937 -57.937 -57.937 -55.551 -55.551 -55.551 -55.551 -55.300 -55.300 -55.300 -55.300 -55.300 -55.300 -53.056 -53.056 -53.056 -53.056 -53.056 -53.056 -53.056 -53.056 -53.056
2S = 8 : E =  -56.813 -54.356 -54.356 -54.356 -54.356 -52.021 -52.021 -52.021 -52.021 -51.786 -51.786 -51.786 -51.786 -51.786 -51.786 -49.593 -49.593 -49.593 -49.593 -49.593 -49.593 -49.593 -49.593 -49.593

Relative energies:

2S = 0 : E =    0.000   5.054   5.054   5.054   5.054  10.126  10.126  10.126  10.126  10.126  10.126  10.126  10.126  10.126  10.282  10.282  10.282  10.282  14.386  14.386  14.386  14.386  14.386  14.386
2S = 2 : E =    0.901   3.473   3.473   3.473   3.473   5.927   5.927   5.927   5.927   8.518   8.518   8.518   8.518   8.518   8.518   8.518   8.518   8.518   8.518   8.518   8.518   8.739   8.780  10.956
2S = 4 : E =    2.707   5.251   5.251   5.251   5.251   7.676   7.676   7.676   7.676   7.941   7.941   7.941   7.941   7.941   7.941  10.228  10.228  10.228  10.228  10.228  10.228  10.228  10.228  10.228
2S = 6 : E =    5.420   7.926   7.926   7.926   7.926  10.311  10.311  10.311  10.311  10.562  10.562  10.562  10.562  10.562  10.562  12.806  12.806  12.806  12.806  12.806  12.806  12.806  12.806  12.806
2S = 8 : E =    9.049  11.506  11.506  11.506  11.506  13.841  13.841  13.841  13.841  14.076  14.076  14.076  14.076  14.076  14.076  16.269  16.269  16.269  16.269  16.269  16.269  16.269  16.269  16.269

 === S = 1/2 Heisenberg 8-Site Model === 

2S = 0 : E =   -4.186  -3.116  -3.116  -3.116  -3.116  -2.250  -2.250  -2.250  -2.250  -1.384  -1.384  -1.384  -1.384  -0.314
2S = 2 : E =   -3.270  -2.723  -2.723  -2.723  -2.723  -2.457  -2.457  -2.457  -2.457  -1.750  -1.750  -1.750  -1.750  -1.750  -1.612  -1.124  -1.124  -1.124  -1.124  -1.043  -1.043  -1.043  -1.043   0.097
2S = 4 : E =   -1.408  -1.007  -1.007  -1.007  -1.007  -0.750  -0.750  -0.750  -0.750  -0.036  -0.036  -0.036  -0.036   0.250   0.651   1.293   1.293   1.293   1.293   2.506
2S = 6 : E =    1.427   1.750   1.750   1.750   1.750   3.250   4.073
2S = 8 : E =    5.250

Relative energies:

2S = 0 : E =    0.000   1.070   1.070   1.070   1.070   1.936   1.936   1.936   1.936   2.803   2.803   2.803   2.803   3.873
2S = 2 : E =    0.917   1.463   1.463   1.463   1.463   1.729   1.729   1.729   1.729   2.436   2.436   2.436   2.436   2.436   2.575   3.062   3.062   3.062   3.062   3.144   3.144   3.144   3.144   4.283
2S = 4 : E =    2.779   3.179   3.179   3.179   3.179   3.436   3.436   3.436   3.436   4.150   4.150   4.150   4.150   4.436   4.838   5.480   5.480   5.480   5.480   6.693
2S = 6 : E =    5.614   5.936   5.936   5.936   5.936   7.436   8.259
2S = 8 : E =    9.436
